FILE_TYPE=LIBRARY_PARTS;
PRIMITIVE 'S8411_45R','S8411_45R_Other';
  PIN
    '+':
      PIN_NUMBER='(1)';
      NO_LOAD_CHECK=BOTH;
      NO_IO_CHECK=BOTH;
      ALLOW_CONNECT=TRUE;
      PINUSE='UNSPEC';
    '-':
      PIN_NUMBER='(2)';
      NO_LOAD_CHECK=BOTH;
      NO_IO_CHECK=BOTH;
      ALLOW_CONNECT=TRUE;
      PINUSE='UNSPEC';
  END_PIN;
  BODY
    PART_NAME='S8411_45R';
    PHYS_DES_PREFIX='U';
    NO_LOAD_CHECK='TRUE';
    PIN_COUNT='2';
    BODY_NAME='S8411_45R';
    JEDEC_TYPE='S8411-45R_1';
  END_BODY;
END_PRIMITIVE;
END.
